# JRE version: Java(TM) SE Runtime Environment 18.9 (11.0.15+8) (build 11.0.15+8-LTS-149)
# Java VM: Java HotSpot(TM) 64-Bit Server VM 18.9 (11.0.15+8-LTS-149, mixed mode, tiered, compressed oops, g1 gc, windows-amd64)
Heap:
 garbage-first heap   total 315392K, used 35493K [0x0000000700c00000, 0x0000000800000000)
  region size 1024K, 34 young (34816K), 15 survivors (15360K)
 Metaspace       used 47907K, capacity 49072K, committed 49200K, reserved 1093632K
  class space    used 5236K, capacity 5723K, committed 5760K, reserved 1048576K
GC Heap History (10 events):
Event: 0.327 GC heap before
{Heap before GC invocations=0 (full 0):
 garbage-first heap   total 262144K, used 23552K [0x0000000700c00000, 0x0000000800000000)
  region size 1024K, 24 young (24576K), 0 survivors (0K)
 Metaspace       used 11021K, capacity 11289K, committed 11392K, reserved 1058816K
  class space    used 986K, capacity 1061K, committed 1152K, reserved 1048576K
}
Event: 0.330 GC heap after
{Heap after GC invocations=1 (full 0):
 garbage-first heap   total 262144K, used 2634K [0x0000000700c00000, 0x0000000800000000)
  region size 1024K, 3 young (3072K), 3 survivors (3072K)
 Metaspace       used 11021K, capacity 11289K, committed 11392K, reserved 1058816K
  class space    used 986K, capacity 1061K, committed 1152K, reserved 1048576K
}
Event: 0.737 GC heap before
{Heap before GC invocations=1 (full 0):
 garbage-first heap   total 262144K, used 74314K [0x0000000700c00000, 0x0000000800000000)
  region size 1024K, 74 young (75776K), 3 survivors (3072K)
 Metaspace       used 20636K, capacity 21215K, committed 21296K, reserved 1069056K
  class space    used 2226K, capacity 2414K, committed 2432K, reserved 1048576K
}
Event: 0.742 GC heap after
{Heap after GC invocations=2 (full 0):
 garbage-first heap   total 262144K, used 5089K [0x0000000700c00000, 0x0000000800000000)
  region size 1024K, 5 young (5120K), 5 survivors (5120K)
 Metaspace       used 20636K, capacity 21215K, committed 21296K, reserved 1069056K
  class space    used 2226K, capacity 2414K, committed 2432K, reserved 1048576K
}
Event: 1.121 GC heap before
{Heap before GC invocations=3 (full 0):
 garbage-first heap   total 262144K, used 91105K [0x0000000700c00000, 0x0000000800000000)
  region size 1024K, 89 young (91136K), 5 survivors (5120K)
 Metaspace       used 26452K, capacity 27221K, committed 27312K, reserved 1073152K
  class space    used 3005K, capacity 3286K, committed 3328K, reserved 1048576K
}
Event: 1.126 GC heap after
{Heap after GC invocations=4 (full 0):
 garbage-first heap   total 262144K, used 7123K [0x0000000700c00000, 0x0000000800000000)
  region size 1024K, 7 young (7168K), 7 survivors (7168K)
 Metaspace       used 26452K, capacity 27221K, committed 27312K, reserved 1073152K
  class space    used 3005K, capacity 3286K, committed 3328K, reserved 1048576K
}
Event: 2.455 GC heap before
{Heap before GC invocations=4 (full 0):
 garbage-first heap   total 262144K, used 107475K [0x0000000700c00000, 0x0000000800000000)
  region size 1024K, 106 young (108544K), 7 survivors (7168K)
 Metaspace       used 34725K, capacity 35661K, committed 35708K, reserved 1081344K
  class space    used 3956K, capacity 4330K, committed 4352K, reserved 1048576K
}
Event: 2.465 GC heap after
{Heap after GC invocations=5 (full 0):
 garbage-first heap   total 262144K, used 11416K [0x0000000700c00000, 0x0000000800000000)
  region size 1024K, 12 young (12288K), 12 survivors (12288K)
 Metaspace       used 34725K, capacity 35661K, committed 35708K, reserved 1081344K
  class space    used 3956K, capacity 4330K, committed 4352K, reserved 1048576K
}
Event: 9.609 GC heap before
{Heap before GC invocations=6 (full 0):
 garbage-first heap   total 262144K, used 140440K [0x0000000700c00000, 0x0000000800000000)
  region size 1024K, 138 young (141312K), 12 survivors (12288K)
 Metaspace       used 46698K, capacity 47830K, committed 48048K, reserved 1091584K
  class space    used 5114K, capacity 5568K, committed 5632K, reserved 1048576K
}
Event: 9.619 GC heap after
{Heap after GC invocations=7 (full 0):
 garbage-first heap   total 315392K, used 17061K [0x0000000700c00000, 0x0000000800000000)
  region size 1024K, 15 young (15360K), 15 survivors (15360K)
 Metaspace       used 46698K, capacity 47830K, committed 48048K, reserved 1091584K
  class space    used 5114K, capacity 5568K, committed 5632K, reserved 1048576K
}

